<?xml version="1.0" encoding="UTF-8"?>
<robot generator="Robot 7.4.1 (Python 3.14.0 on darwin)" generated="2026-01-02T21:56:20.131272" rpa="false" schemaversion="5">
<suite id="s1" name="Enter Data Without Fname" source="/Users/jengcharat/Desktop/soften/TestAutomationLab/enter_data_without_fname.robot">
<test id="s1-t1" name="Valid Login" line="6">
<kw name="Open Browser To Register Page" owner="resource">
<kw name="Open Browser" owner="SeleniumLibrary">
<msg time="2026-01-02T21:56:20.247728" level="INFO">Opening browser 'Chrome' to base url 'http://localhost:7272/Lab4/Registration.html'.</msg>
<arg>${REGISTER URL}</arg>
<arg>${BROWSER}</arg>
<doc>Opens a new browser instance to the optional ``url``.</doc>
<status status="PASS" start="2026-01-02T21:56:20.247558" elapsed="3.137260"/>
</kw>
<kw name="Maximize Browser Window" owner="SeleniumLibrary">
<doc>Maximizes current browser window.</doc>
<status status="PASS" start="2026-01-02T21:56:23.385300" elapsed="0.022745"/>
</kw>
<kw name="Set Selenium Speed" owner="SeleniumLibrary">
<arg>${DELAY}</arg>
<doc>Sets the delay that is waited after each Selenium command.</doc>
<status status="PASS" start="2026-01-02T21:56:23.408166" elapsed="0.000236"/>
</kw>
<kw name="Login Page Should Be Open" owner="resource">
<kw name="Title Should Be" owner="SeleniumLibrary">
<msg time="2026-01-02T21:56:23.416779" level="INFO">Page title is 'Registration'.</msg>
<arg>Registration</arg>
<doc>Verifies that the current page title equals ``title``.</doc>
<status status="PASS" start="2026-01-02T21:56:23.408701" elapsed="0.008155"/>
</kw>
<status status="PASS" start="2026-01-02T21:56:23.408533" elapsed="0.008394"/>
</kw>
<status status="PASS" start="2026-01-02T21:56:20.247091" elapsed="3.169874"/>
</kw>
<kw name="Sleep" owner="BuiltIn">
<msg time="2026-01-02T21:56:24.419488" level="INFO">Slept 1 second.</msg>
<arg>1s</arg>
<doc>Pauses the test executed for the given time.</doc>
<status status="PASS" start="2026-01-02T21:56:23.417135" elapsed="1.002791"/>
</kw>
<kw name="Input Lastname" owner="resource">
<kw name="Input Text" owner="SeleniumLibrary">
<msg time="2026-01-02T21:56:24.422613" level="INFO">Typing text 'Sodyod' into text field 'lastname'.</msg>
<arg>lastname</arg>
<arg>${lastname}</arg>
<doc>Types the given ``text`` into the text field identified by ``locator``.</doc>
<status status="PASS" start="2026-01-02T21:56:24.421494" elapsed="0.140848"/>
</kw>
<arg>Sodyod</arg>
<status status="PASS" start="2026-01-02T21:56:24.420766" elapsed="0.141661"/>
</kw>
<kw name="Sleep" owner="BuiltIn">
<msg time="2026-01-02T21:56:25.564338" level="INFO">Slept 1 second.</msg>
<arg>1s</arg>
<doc>Pauses the test executed for the given time.</doc>
<status status="PASS" start="2026-01-02T21:56:24.562548" elapsed="1.002115"/>
</kw>
<kw name="Input Organization" owner="resource">
<kw name="Input Text" owner="SeleniumLibrary">
<msg time="2026-01-02T21:56:25.567718" level="INFO">Typing text 'CS KKU' into text field 'organization'.</msg>
<arg>organization</arg>
<arg>${organization}</arg>
<doc>Types the given ``text`` into the text field identified by ``locator``.</doc>
<status status="PASS" start="2026-01-02T21:56:25.566497" elapsed="0.051761"/>
</kw>
<arg>CS KKU</arg>
<status status="PASS" start="2026-01-02T21:56:25.565299" elapsed="0.053046"/>
</kw>
<kw name="Sleep" owner="BuiltIn">
<msg time="2026-01-02T21:56:26.620971" level="INFO">Slept 1 second.</msg>
<arg>1s</arg>
<doc>Pauses the test executed for the given time.</doc>
<status status="PASS" start="2026-01-02T21:56:25.618471" elapsed="1.003132"/>
</kw>
<kw name="Input Email" owner="resource">
<kw name="Input Text" owner="SeleniumLibrary">
<msg time="2026-01-02T21:56:26.623685" level="INFO">Typing text 'somsri@kkumail.com' into text field 'email'.</msg>
<arg>email</arg>
<arg>${email}</arg>
<doc>Types the given ``text`` into the text field identified by ``locator``.</doc>
<status status="PASS" start="2026-01-02T21:56:26.623215" elapsed="0.048425"/>
</kw>
<arg>somsri@kkumail.com</arg>
<status status="PASS" start="2026-01-02T21:56:26.622481" elapsed="0.049241"/>
</kw>
<kw name="Sleep" owner="BuiltIn">
<msg time="2026-01-02T21:56:27.672298" level="INFO">Slept 1 second.</msg>
<arg>1s</arg>
<doc>Pauses the test executed for the given time.</doc>
<status status="PASS" start="2026-01-02T21:56:26.671855" elapsed="1.000836"/>
</kw>
<kw name="Input Phone" owner="resource">
<kw name="Input Text" owner="SeleniumLibrary">
<msg time="2026-01-02T21:56:27.677840" level="INFO">Typing text '091-001-1234' into text field 'phone'.</msg>
<arg>phone</arg>
<arg>${phone}</arg>
<doc>Types the given ``text`` into the text field identified by ``locator``.</doc>
<status status="PASS" start="2026-01-02T21:56:27.675869" elapsed="0.043559"/>
</kw>
<arg>091-001-1234</arg>
<status status="PASS" start="2026-01-02T21:56:27.675056" elapsed="0.044462"/>
</kw>
<kw name="Sleep" owner="BuiltIn">
<msg time="2026-01-02T21:56:28.720153" level="INFO">Slept 1 second.</msg>
<arg>1s</arg>
<doc>Pauses the test executed for the given time.</doc>
<status status="PASS" start="2026-01-02T21:56:27.719673" elapsed="1.000853"/>
</kw>
<kw name="Submit Register" owner="resource">
<kw name="Click Button" owner="SeleniumLibrary">
<msg time="2026-01-02T21:56:28.722927" level="INFO">Clicking button 'registerButton'.</msg>
<arg>registerButton</arg>
<doc>Clicks the button identified by ``locator``.</doc>
<status status="PASS" start="2026-01-02T21:56:28.722335" elapsed="0.076913"/>
</kw>
<status status="PASS" start="2026-01-02T21:56:28.721490" elapsed="0.077847"/>
</kw>
<kw name="Sleep" owner="BuiltIn">
<msg time="2026-01-02T21:56:29.801508" level="INFO">Slept 1 second.</msg>
<arg>1s</arg>
<doc>Pauses the test executed for the given time.</doc>
<status status="PASS" start="2026-01-02T21:56:28.799453" elapsed="1.002460"/>
</kw>
<kw name="Title Should Be" owner="SeleniumLibrary">
<msg time="2026-01-02T21:56:29.808365" level="INFO">Page title is 'Registration'.</msg>
<arg>Registration</arg>
<doc>Verifies that the current page title equals ``title``.</doc>
<status status="PASS" start="2026-01-02T21:56:29.802382" elapsed="0.006200"/>
</kw>
<kw name="Element Text Should Be" owner="SeleniumLibrary">
<msg time="2026-01-02T21:56:29.809599" level="INFO">Verifying element 'id=errors' contains exact text 'Please enter your first name!!'.</msg>
<msg time="2026-01-02T21:56:29.959111" level="INFO" html="true">&lt;/td&gt;&lt;/tr&gt;&lt;tr&gt;&lt;td colspan="3"&gt;&lt;a href="selenium-screenshot-3.png"&gt;&lt;img src="selenium-screenshot-3.png" width="800px"&gt;&lt;/a&gt;</msg>
<msg time="2026-01-02T21:56:29.959245" level="FAIL">The text of element 'id=errors' should have been 'Please enter your first name!!' but it was '*Please enter your first name!!'.</msg>
<arg>id=errors</arg>
<arg>Please enter your first name!!</arg>
<doc>Verifies that element ``locator`` contains exact the text ``expected``.</doc>
<status status="FAIL" start="2026-01-02T21:56:29.809068" elapsed="0.152590">The text of element 'id=errors' should have been 'Please enter your first name!!' but it was '*Please enter your first name!!'.</status>
</kw>
<kw name="Close Browser" owner="SeleniumLibrary" type="TEARDOWN">
<doc>Closes the current browser.</doc>
<status status="PASS" start="2026-01-02T21:56:29.961903" elapsed="0.105798"/>
</kw>
<status status="FAIL" start="2026-01-02T21:56:20.246729" elapsed="9.821069">The text of element 'id=errors' should have been 'Please enter your first name!!' but it was '*Please enter your first name!!'.</status>
</test>
<doc>A test suite with a single test for valid login.</doc>
<status status="FAIL" start="2026-01-02T21:56:20.132198" elapsed="9.935950"/>
</suite>
<statistics>
<total>
<stat pass="0" fail="1" skip="0">All Tests</stat>
</total>
<tag>
</tag>
<suite>
<stat name="Enter Data Without Fname" id="s1" pass="0" fail="1" skip="0">Enter Data Without Fname</stat>
</suite>
</statistics>
<errors>
</errors>
</robot>
