<?xml version="1.0" encoding="UTF-8"?>
<robot generator="Robot 7.4.1 (Python 3.14.0 on darwin)" generated="2026-01-02T21:41:22.409074" rpa="false" schemaversion="5">
<suite id="s1" name="Register Page" source="/Users/jengcharat/Desktop/soften/TestAutomationLab/register_page.robot">
<test id="s1-t1" name="Valid Login" line="6">
<kw name="Open Browser To Register Page" owner="resource">
<kw name="Open Browser" owner="SeleniumLibrary">
<msg time="2026-01-02T21:41:22.525324" level="INFO">Opening browser 'Chrome' to base url 'http://localhost:7272/Lab4/Registration.html'.</msg>
<arg>${REGISTER URL}</arg>
<arg>${BROWSER}</arg>
<doc>Opens a new browser instance to the optional ``url``.</doc>
<status status="PASS" start="2026-01-02T21:41:22.525193" elapsed="4.197430"/>
</kw>
<kw name="Maximize Browser Window" owner="SeleniumLibrary">
<doc>Maximizes current browser window.</doc>
<status status="PASS" start="2026-01-02T21:41:26.724732" elapsed="0.019812"/>
</kw>
<kw name="Set Selenium Speed" owner="SeleniumLibrary">
<arg>${DELAY}</arg>
<doc>Sets the delay that is waited after each Selenium command.</doc>
<status status="PASS" start="2026-01-02T21:41:26.744839" elapsed="0.000476"/>
</kw>
<kw name="Login Page Should Be Open" owner="resource">
<kw name="Title Should Be" owner="SeleniumLibrary">
<msg time="2026-01-02T21:41:26.756553" level="INFO">Page title is 'Registration'.</msg>
<arg>Registration</arg>
<doc>Verifies that the current page title equals ``title``.</doc>
<status status="PASS" start="2026-01-02T21:41:26.746129" elapsed="0.010497"/>
</kw>
<status status="PASS" start="2026-01-02T21:41:26.745625" elapsed="0.011067"/>
</kw>
<status status="PASS" start="2026-01-02T21:41:22.524798" elapsed="4.231929"/>
</kw>
<kw name="Sleep" owner="BuiltIn">
<msg time="2026-01-02T21:41:27.758954" level="INFO">Slept 1 second.</msg>
<arg>1s</arg>
<doc>Pauses the test executed for the given time.</doc>
<status status="PASS" start="2026-01-02T21:41:26.756898" elapsed="1.002327"/>
</kw>
<kw name="Close Browser" owner="SeleniumLibrary" type="TEARDOWN">
<doc>Closes the current browser.</doc>
<status status="PASS" start="2026-01-02T21:41:27.759643" elapsed="0.086333"/>
</kw>
<status status="PASS" start="2026-01-02T21:41:22.524465" elapsed="5.321668"/>
</test>
<doc>A test suite with a single test for valid login.</doc>
<status status="PASS" start="2026-01-02T21:41:22.410102" elapsed="5.436592"/>
</suite>
<statistics>
<total>
<stat pass="1" fail="0" skip="0">All Tests</stat>
</total>
<tag>
</tag>
<suite>
<stat name="Register Page" id="s1" pass="1" fail="0" skip="0">Register Page</stat>
</suite>
</statistics>
<errors>
</errors>
</robot>
